<?xml version="1.0" encoding="UTF-8"?>
<testng-results ignored="0" total="3" passed="3" failed="0" skipped="0">
  <reporter-output>
  </reporter-output>
  <suite started-at="2024-02-12T23:40:03 IST" name="Suite" finished-at="2024-02-12T23:40:27 IST" duration-ms="23657">
    <groups>
    </groups>
    <test started-at="2024-02-12T23:40:03 IST" name="Test" finished-at="2024-02-12T23:40:27 IST" duration-ms="23657">
      <class name="TestCase.RequestDemoTestCase">
        <test-method is-config="true" signature="setup()[pri:0, instance:TestCase.RequestDemoTestCase@2b40ff9c]" started-at="2024-02-12T23:40:03 IST" name="setup" finished-at="2024-02-12T23:40:10 IST" duration-ms="6699" status="PASS">
          <reporter-output>
          </reporter-output>
        </test-method> <!-- setup -->
        <test-method signature="verifyRequestDemoOnOurSolution()[pri:0, instance:TestCase.RequestDemoTestCase@2b40ff9c]" started-at="2024-02-12T23:40:10 IST" name="verifyRequestDemoOnOurSolution" finished-at="2024-02-12T23:40:16 IST" duration-ms="6112" status="PASS">
          <reporter-output>
          </reporter-output>
        </test-method> <!-- verifyRequestDemoOnOurSolution -->
        <test-method signature="verifyRequestDemoOnOurStory()[pri:0, instance:TestCase.RequestDemoTestCase@2b40ff9c]" started-at="2024-02-12T23:40:16 IST" name="verifyRequestDemoOnOurStory" finished-at="2024-02-12T23:40:23 IST" duration-ms="6874" status="PASS">
          <reporter-output>
          </reporter-output>
        </test-method> <!-- verifyRequestDemoOnOurStory -->
        <test-method signature="verifyRequestDemoOnWhyTendable()[pri:0, instance:TestCase.RequestDemoTestCase@2b40ff9c]" started-at="2024-02-12T23:40:23 IST" name="verifyRequestDemoOnWhyTendable" finished-at="2024-02-12T23:40:27 IST" duration-ms="3468" status="PASS">
          <reporter-output>
          </reporter-output>
        </test-method> <!-- verifyRequestDemoOnWhyTendable -->
        <test-method is-config="true" signature="tearDown()[pri:0, instance:TestCase.RequestDemoTestCase@2b40ff9c]" started-at="2024-02-12T23:40:27 IST" name="tearDown" finished-at="2024-02-12T23:40:27 IST" duration-ms="406" status="PASS">
          <reporter-output>
          </reporter-output>
        </test-method> <!-- tearDown -->
      </class> <!-- TestCase.RequestDemoTestCase -->
    </test> <!-- Test -->
  </suite> <!-- Suite -->
</testng-results>
