<?xml version="1.0" encoding="UTF-8"?>
<!-- Generated by org.testng.reporters.JUnitXMLReporter -->
<testsuite ignored="0" hostname="DESKTOP-J1VMOD3" failures="0" tests="3" name="Test" time="23.657" errors="0" timestamp="2024-02-12T23:40:27 IST">
  <testcase classname="TestCase.RequestDemoTestCase" name="verifyRequestDemoOnOurSolution" time="6.112"/>
  <testcase classname="TestCase.RequestDemoTestCase" name="verifyRequestDemoOnOurStory" time="6.874"/>
  <testcase classname="TestCase.RequestDemoTestCase" name="verifyRequestDemoOnWhyTendable" time="3.468"/>
</testsuite> <!-- Test -->
